[0115/114145.575:ERROR:child_thread_impl.cc(762)] Request for unknown Channel-associated interface: ui::mojom::GpuMain
[0115/114214.316:WARNING:htmlmediaelement.cpp(1949)] currentPlaybackPosition readyState = 4 but no webMeidaPlayer to provide currentPlaybackPosition
[0115/114339.942:ERROR:child_thread_impl.cc(762)] Request for unknown Channel-associated interface: ui::mojom::GpuMain
[0115/114739.698:WARNING:htmlmediaelement.cpp(1949)] currentPlaybackPosition readyState = 4 but no webMeidaPlayer to provide currentPlaybackPosition
[0116/093438.612:ERROR:child_thread_impl.cc(762)] Request for unknown Channel-associated interface: ui::mojom::GpuMain
[0116/093719.964:ERROR:child_thread_impl.cc(762)] Request for unknown Channel-associated interface: ui::mojom::GpuMain
[0116/093736.437:WARNING:htmlmediaelement.cpp(1949)] currentPlaybackPosition readyState = 4 but no webMeidaPlayer to provide currentPlaybackPosition
[0116/094110.344:ERROR:child_thread_impl.cc(762)] Request for unknown Channel-associated interface: ui::mojom::GpuMain
[0116/094149.563:ERROR:broker_win.cc(59)] Error reading broker pipe: The pipe has been ended. (0x6D)
[0116/094311.579:ERROR:child_thread_impl.cc(762)] Request for unknown Channel-associated interface: ui::mojom::GpuMain
[0116/094337.009:ERROR:child_thread_impl.cc(762)] Request for unknown Channel-associated interface: ui::mojom::GpuMain
[0116/094351.726:ERROR:child_thread_impl.cc(762)] Request for unknown Channel-associated interface: ui::mojom::GpuMain
[0116/094619.512:ERROR:child_thread_impl.cc(762)] Request for unknown Channel-associated interface: ui::mojom::GpuMain
[0116/094736.233:ERROR:child_thread_impl.cc(762)] Request for unknown Channel-associated interface: ui::mojom::GpuMain
[0116/094748.123:ERROR:render_process_host_impl.cc(2077)] Request for unknown Channel-associated interface: device::mojom::ScreenOrientationListener
[0116/094757.115:WARNING:htmlmediaelement.cpp(1949)] currentPlaybackPosition readyState = 4 but no webMeidaPlayer to provide currentPlaybackPosition
[0116/095130.821:ERROR:child_thread_impl.cc(762)] Request for unknown Channel-associated interface: ui::mojom::GpuMain
[0116/095229.193:WARNING:htmlmediaelement.cpp(1949)] currentPlaybackPosition readyState = 4 but no webMeidaPlayer to provide currentPlaybackPosition
[0116/095416.603:ERROR:child_thread_impl.cc(762)] Request for unknown Channel-associated interface: ui::mojom::GpuMain
[0116/095603.690:ERROR:child_thread_impl.cc(762)] Request for unknown Channel-associated interface: ui::mojom::GpuMain
[0116/100130.589:ERROR:child_thread_impl.cc(762)] Request for unknown Channel-associated interface: ui::mojom::GpuMain
[0116/100642.248:ERROR:child_thread_impl.cc(762)] Request for unknown Channel-associated interface: ui::mojom::GpuMain
[0116/101412.496:ERROR:child_thread_impl.cc(762)] Request for unknown Channel-associated interface: ui::mojom::GpuMain
[0116/101437.124:ERROR:child_thread_impl.cc(762)] Request for unknown Channel-associated interface: ui::mojom::GpuMain
[0116/101715.209:ERROR:child_thread_impl.cc(762)] Request for unknown Channel-associated interface: ui::mojom::GpuMain
[0116/101848.608:WARNING:htmlmediaelement.cpp(1949)] currentPlaybackPosition readyState = 4 but no webMeidaPlayer to provide currentPlaybackPosition
[0116/101848.632:WARNING:ipc_message_attachment_set.cc(49)] MessageAttachmentSet destroyed with unconsumed attachments: 0/1
[0116/101950.937:ERROR:child_thread_impl.cc(762)] Request for unknown Channel-associated interface: ui::mojom::GpuMain
[0116/102026.413:WARNING:audio_sync_reader.cc(188)] AudioSyncReader::Read timed out, audio glitch count=1
[0116/102026.442:WARNING:audio_sync_reader.cc(188)] AudioSyncReader::Read timed out, audio glitch count=2
[0116/102026.473:WARNING:audio_sync_reader.cc(188)] AudioSyncReader::Read timed out, audio glitch count=3
[0116/102026.503:WARNING:audio_sync_reader.cc(188)] AudioSyncReader::Read timed out, audio glitch count=4
[0116/102026.533:WARNING:audio_sync_reader.cc(188)] AudioSyncReader::Read timed out, audio glitch count=5
[0116/102026.563:WARNING:audio_sync_reader.cc(188)] AudioSyncReader::Read timed out, audio glitch count=6
[0116/102026.592:WARNING:audio_sync_reader.cc(188)] AudioSyncReader::Read timed out, audio glitch count=7
[0116/102026.623:WARNING:audio_sync_reader.cc(188)] AudioSyncReader::Read timed out, audio glitch count=8
[0116/102026.653:WARNING:audio_sync_reader.cc(188)] AudioSyncReader::Read timed out, audio glitch count=9
[0116/102026.683:WARNING:audio_sync_reader.cc(188)] AudioSyncReader::Read timed out, audio glitch count=10
[0116/102026.714:WARNING:audio_sync_reader.cc(188)] AudioSyncReader::Read timed out, audio glitch count=11
[0116/102026.743:WARNING:audio_sync_reader.cc(188)] AudioSyncReader::Read timed out, audio glitch count=12
[0116/102026.773:WARNING:audio_sync_reader.cc(188)] AudioSyncReader::Read timed out, audio glitch count=13
[0116/102026.804:WARNING:audio_sync_reader.cc(188)] AudioSyncReader::Read timed out, audio glitch count=14
[0116/102026.833:WARNING:audio_sync_reader.cc(188)] AudioSyncReader::Read timed out, audio glitch count=15
[0116/102026.863:WARNING:audio_sync_reader.cc(188)] AudioSyncReader::Read timed out, audio glitch count=16
[0116/102026.893:WARNING:audio_sync_reader.cc(188)] AudioSyncReader::Read timed out, audio glitch count=17
[0116/102026.923:WARNING:audio_sync_reader.cc(188)] AudioSyncReader::Read timed out, audio glitch count=18
[0116/102026.953:WARNING:audio_sync_reader.cc(188)] AudioSyncReader::Read timed out, audio glitch count=19
[0116/102026.982:WARNING:audio_sync_reader.cc(188)] AudioSyncReader::Read timed out, audio glitch count=20
[0116/102027.013:WARNING:audio_sync_reader.cc(188)] AudioSyncReader::Read timed out, audio glitch count=21
[0116/102027.043:WARNING:audio_sync_reader.cc(188)] AudioSyncReader::Read timed out, audio glitch count=22
[0116/102027.073:WARNING:audio_sync_reader.cc(188)] AudioSyncReader::Read timed out, audio glitch count=23
[0116/102027.103:WARNING:audio_sync_reader.cc(188)] AudioSyncReader::Read timed out, audio glitch count=24
[0116/102027.133:WARNING:audio_sync_reader.cc(188)] AudioSyncReader::Read timed out, audio glitch count=25
[0116/102027.163:WARNING:audio_sync_reader.cc(188)] AudioSyncReader::Read timed out, audio glitch count=26
[0116/102027.192:WARNING:audio_sync_reader.cc(188)] AudioSyncReader::Read timed out, audio glitch count=27
[0116/102027.223:WARNING:audio_sync_reader.cc(188)] AudioSyncReader::Read timed out, audio glitch count=28
[0116/102027.253:WARNING:audio_sync_reader.cc(188)] AudioSyncReader::Read timed out, audio glitch count=29
[0116/102027.282:WARNING:audio_sync_reader.cc(188)] AudioSyncReader::Read timed out, audio glitch count=30
[0116/102027.312:WARNING:audio_sync_reader.cc(188)] AudioSyncReader::Read timed out, audio glitch count=31
[0116/102027.343:WARNING:audio_sync_reader.cc(188)] AudioSyncReader::Read timed out, audio glitch count=32
[0116/102027.373:WARNING:audio_sync_reader.cc(188)] AudioSyncReader::Read timed out, audio glitch count=33
[0116/102027.402:WARNING:audio_sync_reader.cc(188)] AudioSyncReader::Read timed out, audio glitch count=34
[0116/102027.433:WARNING:audio_sync_reader.cc(188)] AudioSyncReader::Read timed out, audio glitch count=35
[0116/102027.462:WARNING:audio_sync_reader.cc(188)] AudioSyncReader::Read timed out, audio glitch count=36
[0116/102027.493:WARNING:audio_sync_reader.cc(188)] AudioSyncReader::Read timed out, audio glitch count=37
[0116/102027.523:WARNING:audio_sync_reader.cc(188)] AudioSyncReader::Read timed out, audio glitch count=38
[0116/102027.553:WARNING:audio_sync_reader.cc(188)] AudioSyncReader::Read timed out, audio glitch count=39
[0116/102027.583:WARNING:audio_sync_reader.cc(188)] AudioSyncReader::Read timed out, audio glitch count=40
[0116/102027.613:WARNING:audio_sync_reader.cc(188)] AudioSyncReader::Read timed out, audio glitch count=41
[0116/102027.643:WARNING:audio_sync_reader.cc(188)] AudioSyncReader::Read timed out, audio glitch count=42
[0116/102027.673:WARNING:audio_sync_reader.cc(188)] AudioSyncReader::Read timed out, audio glitch count=43
[0116/102027.704:WARNING:audio_sync_reader.cc(188)] AudioSyncReader::Read timed out, audio glitch count=44
[0116/102027.733:WARNING:audio_sync_reader.cc(188)] AudioSyncReader::Read timed out, audio glitch count=45
[0116/102027.762:WARNING:audio_sync_reader.cc(188)] AudioSyncReader::Read timed out, audio glitch count=46
[0116/102027.793:WARNING:audio_sync_reader.cc(188)] AudioSyncReader::Read timed out, audio glitch count=47
[0116/102027.822:WARNING:audio_sync_reader.cc(188)] AudioSyncReader::Read timed out, audio glitch count=48
[0116/102027.854:WARNING:audio_sync_reader.cc(188)] AudioSyncReader::Read timed out, audio glitch count=49
[0116/102027.883:WARNING:audio_sync_reader.cc(188)] AudioSyncReader::Read timed out, audio glitch count=50
[0116/102027.913:WARNING:audio_sync_reader.cc(188)] AudioSyncReader::Read timed out, audio glitch count=51
[0116/102027.943:WARNING:audio_sync_reader.cc(188)] AudioSyncReader::Read timed out, audio glitch count=52
[0116/102027.973:WARNING:audio_sync_reader.cc(188)] AudioSyncReader::Read timed out, audio glitch count=53
[0116/102028.003:WARNING:audio_sync_reader.cc(188)] AudioSyncReader::Read timed out, audio glitch count=54
[0116/102028.033:WARNING:audio_sync_reader.cc(188)] AudioSyncReader::Read timed out, audio glitch count=55
[0116/102028.063:WARNING:audio_sync_reader.cc(188)] AudioSyncReader::Read timed out, audio glitch count=56
[0116/102028.092:WARNING:audio_sync_reader.cc(188)] AudioSyncReader::Read timed out, audio glitch count=57
[0116/102028.123:WARNING:audio_sync_reader.cc(188)] AudioSyncReader::Read timed out, audio glitch count=58
[0116/102028.152:WARNING:audio_sync_reader.cc(188)] AudioSyncReader::Read timed out, audio glitch count=59
[0116/102028.182:WARNING:audio_sync_reader.cc(188)] AudioSyncReader::Read timed out, audio glitch count=60
[0116/102028.213:WARNING:audio_sync_reader.cc(188)] AudioSyncReader::Read timed out, audio glitch count=61
[0116/102028.243:WARNING:audio_sync_reader.cc(188)] AudioSyncReader::Read timed out, audio glitch count=62
[0116/102028.272:WARNING:audio_sync_reader.cc(188)] AudioSyncReader::Read timed out, audio glitch count=63
[0116/102028.303:WARNING:audio_sync_reader.cc(188)] AudioSyncReader::Read timed out, audio glitch count=64
[0116/102028.333:WARNING:audio_sync_reader.cc(188)] AudioSyncReader::Read timed out, audio glitch count=65
[0116/102028.364:WARNING:audio_sync_reader.cc(188)] AudioSyncReader::Read timed out, audio glitch count=66
[0116/102028.393:WARNING:audio_sync_reader.cc(188)] AudioSyncReader::Read timed out, audio glitch count=67
[0116/102028.422:WARNING:audio_sync_reader.cc(188)] AudioSyncReader::Read timed out, audio glitch count=68
[0116/102028.453:WARNING:audio_sync_reader.cc(188)] AudioSyncReader::Read timed out, audio glitch count=69
[0116/102028.482:WARNING:audio_sync_reader.cc(188)] AudioSyncReader::Read timed out, audio glitch count=70
[0116/102028.513:WARNING:audio_sync_reader.cc(188)] AudioSyncReader::Read timed out, audio glitch count=71
[0116/102028.543:WARNING:audio_sync_reader.cc(188)] AudioSyncReader::Read timed out, audio glitch count=72
[0116/102028.573:WARNING:audio_sync_reader.cc(188)] AudioSyncReader::Read timed out, audio glitch count=73
[0116/102028.603:WARNING:audio_sync_reader.cc(188)] AudioSyncReader::Read timed out, audio glitch count=74
[0116/102028.633:WARNING:audio_sync_reader.cc(188)] AudioSyncReader::Read timed out, audio glitch count=75
[0116/102028.663:WARNING:audio_sync_reader.cc(188)] AudioSyncReader::Read timed out, audio glitch count=76
[0116/102028.693:WARNING:audio_sync_reader.cc(188)] AudioSyncReader::Read timed out, audio glitch count=77
[0116/102028.723:WARNING:audio_sync_reader.cc(188)] AudioSyncReader::Read timed out, audio glitch count=78
[0116/102028.753:WARNING:audio_sync_reader.cc(188)] AudioSyncReader::Read timed out, audio glitch count=79
[0116/102028.783:WARNING:audio_sync_reader.cc(188)] AudioSyncReader::Read timed out, audio glitch count=80
[0116/102028.813:WARNING:audio_sync_reader.cc(188)] AudioSyncReader::Read timed out, audio glitch count=81
[0116/102028.843:WARNING:audio_sync_reader.cc(188)] AudioSyncReader::Read timed out, audio glitch count=82
[0116/102028.874:WARNING:audio_sync_reader.cc(188)] AudioSyncReader::Read timed out, audio glitch count=83
[0116/102028.903:WARNING:audio_sync_reader.cc(188)] AudioSyncReader::Read timed out, audio glitch count=84
[0116/102028.933:WARNING:audio_sync_reader.cc(188)] AudioSyncReader::Read timed out, audio glitch count=85
[0116/102028.963:WARNING:audio_sync_reader.cc(188)] AudioSyncReader::Read timed out, audio glitch count=86
[0116/102028.993:WARNING:audio_sync_reader.cc(188)] AudioSyncReader::Read timed out, audio glitch count=87
[0116/102029.023:WARNING:audio_sync_reader.cc(188)] AudioSyncReader::Read timed out, audio glitch count=88
[0116/102029.053:WARNING:audio_sync_reader.cc(188)] AudioSyncReader::Read timed out, audio glitch count=89
[0116/102029.083:WARNING:audio_sync_reader.cc(188)] AudioSyncReader::Read timed out, audio glitch count=90
[0116/102029.112:WARNING:audio_sync_reader.cc(188)] AudioSyncReader::Read timed out, audio glitch count=91
[0116/102029.143:WARNING:audio_sync_reader.cc(188)] AudioSyncReader::Read timed out, audio glitch count=92
[0116/102029.173:WARNING:audio_sync_reader.cc(188)] AudioSyncReader::Read timed out, audio glitch count=93
[0116/102029.203:WARNING:audio_sync_reader.cc(188)] AudioSyncReader::Read timed out, audio glitch count=94
[0116/102029.233:WARNING:audio_sync_reader.cc(188)] AudioSyncReader::Read timed out, audio glitch count=95
[0116/102029.263:WARNING:audio_sync_reader.cc(188)] AudioSyncReader::Read timed out, audio glitch count=96
[0116/102029.293:WARNING:audio_sync_reader.cc(188)] AudioSyncReader::Read timed out, audio glitch count=97
[0116/102029.323:WARNING:audio_sync_reader.cc(188)] AudioSyncReader::Read timed out, audio glitch count=98
[0116/102029.353:WARNING:audio_sync_reader.cc(188)] AudioSyncReader::Read timed out, audio glitch count=99
[0116/102029.384:WARNING:audio_sync_reader.cc(188)] AudioSyncReader::Read timed out, audio glitch count=100
[0116/102029.384:WARNING:audio_sync_reader.cc(191)] (log cap reached, suppressing further logs)
[0116/102057.143:WARNING:audio_sync_reader.cc(173)] ASR: No room in socket buffer.
[0116/102057.674:WARNING:audio_sync_reader.cc(173)] ASR: No room in socket buffer.
[0116/102058.203:WARNING:audio_sync_reader.cc(173)] ASR: No room in socket buffer.
[0116/102058.733:WARNING:audio_sync_reader.cc(173)] ASR: No room in socket buffer.
[0116/102059.263:WARNING:audio_sync_reader.cc(173)] ASR: No room in socket buffer.
[0116/102059.791:WARNING:audio_sync_reader.cc(173)] ASR: No room in socket buffer.
[0116/102100.321:WARNING:audio_sync_reader.cc(173)] ASR: No room in socket buffer.
[0116/102100.853:WARNING:audio_sync_reader.cc(173)] ASR: No room in socket buffer.
[0116/102101.382:WARNING:audio_sync_reader.cc(173)] ASR: No room in socket buffer.
[0116/102101.912:WARNING:audio_sync_reader.cc(173)] ASR: No room in socket buffer.
[0116/102102.442:WARNING:audio_sync_reader.cc(173)] ASR: No room in socket buffer.
[0116/102102.971:WARNING:audio_sync_reader.cc(173)] ASR: No room in socket buffer.
[0116/102103.501:WARNING:audio_sync_reader.cc(173)] ASR: No room in socket buffer.
[0116/102104.032:WARNING:audio_sync_reader.cc(173)] ASR: No room in socket buffer.
[0116/102104.562:WARNING:audio_sync_reader.cc(173)] ASR: No room in socket buffer.
[0116/102105.091:WARNING:audio_sync_reader.cc(173)] ASR: No room in socket buffer.
[0116/102105.622:WARNING:audio_sync_reader.cc(173)] ASR: No room in socket buffer.
[0116/102106.151:WARNING:audio_sync_reader.cc(173)] ASR: No room in socket buffer.
[0116/102106.682:WARNING:audio_sync_reader.cc(173)] ASR: No room in socket buffer.
[0116/102107.212:WARNING:audio_sync_reader.cc(173)] ASR: No room in socket buffer.
[0116/102107.742:WARNING:audio_sync_reader.cc(173)] ASR: No room in socket buffer.
[0116/102108.271:WARNING:audio_sync_reader.cc(173)] ASR: No room in socket buffer.
[0116/102108.802:WARNING:audio_sync_reader.cc(173)] ASR: No room in socket buffer.
[0116/102109.332:WARNING:audio_sync_reader.cc(173)] ASR: No room in socket buffer.
[0116/102109.862:WARNING:audio_sync_reader.cc(173)] ASR: No room in socket buffer.
[0116/102110.392:WARNING:audio_sync_reader.cc(173)] ASR: No room in socket buffer.
[0116/102110.922:WARNING:audio_sync_reader.cc(173)] ASR: No room in socket buffer.
[0116/102111.451:WARNING:audio_sync_reader.cc(173)] ASR: No room in socket buffer.
[0116/102111.982:WARNING:audio_sync_reader.cc(173)] ASR: No room in socket buffer.
[0116/102112.512:WARNING:audio_sync_reader.cc(173)] ASR: No room in socket buffer.
[0116/102113.042:WARNING:audio_sync_reader.cc(173)] ASR: No room in socket buffer.
[0116/102113.571:WARNING:audio_sync_reader.cc(173)] ASR: No room in socket buffer.
[0116/102114.102:WARNING:audio_sync_reader.cc(173)] ASR: No room in socket buffer.
[0116/102114.632:WARNING:audio_sync_reader.cc(173)] ASR: No room in socket buffer.
[0116/102115.162:WARNING:audio_sync_reader.cc(173)] ASR: No room in socket buffer.
[0116/102115.692:WARNING:audio_sync_reader.cc(173)] ASR: No room in socket buffer.
[0116/102116.222:WARNING:audio_sync_reader.cc(173)] ASR: No room in socket buffer.
[0116/102116.751:WARNING:audio_sync_reader.cc(173)] ASR: No room in socket buffer.
[0116/102117.282:WARNING:audio_sync_reader.cc(173)] ASR: No room in socket buffer.
[0116/102117.812:WARNING:audio_sync_reader.cc(173)] ASR: No room in socket buffer.
[0116/102118.342:WARNING:audio_sync_reader.cc(173)] ASR: No room in socket buffer.
[0116/102118.871:WARNING:audio_sync_reader.cc(173)] ASR: No room in socket buffer.
[0116/102119.401:WARNING:audio_sync_reader.cc(173)] ASR: No room in socket buffer.
[0116/102119.932:WARNING:audio_sync_reader.cc(173)] ASR: No room in socket buffer.
[0116/102120.461:WARNING:audio_sync_reader.cc(173)] ASR: No room in socket buffer.
[0116/102120.992:WARNING:audio_sync_reader.cc(173)] ASR: No room in socket buffer.
[0116/102121.521:WARNING:audio_sync_reader.cc(173)] ASR: No room in socket buffer.
[0116/102122.052:WARNING:audio_sync_reader.cc(173)] ASR: No room in socket buffer.
[0116/102122.582:WARNING:audio_sync_reader.cc(173)] ASR: No room in socket buffer.
[0116/102123.112:WARNING:audio_sync_reader.cc(173)] ASR: No room in socket buffer.
[0116/102123.641:WARNING:audio_sync_reader.cc(173)] ASR: No room in socket buffer.
[0116/102124.172:WARNING:audio_sync_reader.cc(173)] ASR: No room in socket buffer.
[0116/102124.701:WARNING:audio_sync_reader.cc(173)] ASR: No room in socket buffer.
[0116/102125.232:WARNING:audio_sync_reader.cc(173)] ASR: No room in socket buffer.
[0116/102125.761:WARNING:audio_sync_reader.cc(173)] ASR: No room in socket buffer.
[0116/102126.291:WARNING:audio_sync_reader.cc(173)] ASR: No room in socket buffer.
[0116/102306.163:ERROR:child_thread_impl.cc(762)] Request for unknown Channel-associated interface: ui::mojom::GpuMain
[0116/102342.327:ERROR:child_thread_impl.cc(762)] Request for unknown Channel-associated interface: ui::mojom::GpuMain
[0116/102451.729:ERROR:child_thread_impl.cc(762)] Request for unknown Channel-associated interface: ui::mojom::GpuMain
[0116/102623.024:ERROR:child_thread_impl.cc(762)] Request for unknown Channel-associated interface: ui::mojom::GpuMain
[0116/102645.551:ERROR:child_thread_impl.cc(762)] Request for unknown Channel-associated interface: ui::mojom::GpuMain
[0116/102656.977:WARNING:htmlmediaelement.cpp(1949)] currentPlaybackPosition readyState = 4 but no webMeidaPlayer to provide currentPlaybackPosition
[0116/102720.433:ERROR:child_thread_impl.cc(762)] Request for unknown Channel-associated interface: ui::mojom::GpuMain
[0116/102805.344:WARNING:htmlmediaelement.cpp(1949)] currentPlaybackPosition readyState = 4 but no webMeidaPlayer to provide currentPlaybackPosition
[0116/103002.598:ERROR:child_thread_impl.cc(762)] Request for unknown Channel-associated interface: ui::mojom::GpuMain
[0116/103010.791:WARNING:htmlmediaelement.cpp(1949)] currentPlaybackPosition readyState = 4 but no webMeidaPlayer to provide currentPlaybackPosition
[0116/103019.136:WARNING:htmlmediaelement.cpp(1949)] currentPlaybackPosition readyState = 4 but no webMeidaPlayer to provide currentPlaybackPosition
[0116/103027.067:WARNING:htmlmediaelement.cpp(1949)] currentPlaybackPosition readyState = 4 but no webMeidaPlayer to provide currentPlaybackPosition
[0116/103341.797:ERROR:child_thread_impl.cc(762)] Request for unknown Channel-associated interface: ui::mojom::GpuMain
[0116/104202.555:ERROR:child_thread_impl.cc(762)] Request for unknown Channel-associated interface: ui::mojom::GpuMain
[0116/104254.482:WARNING:htmlmediaelement.cpp(1949)] currentPlaybackPosition readyState = 4 but no webMeidaPlayer to provide currentPlaybackPosition
[0116/104258.224:WARNING:htmlmediaelement.cpp(1949)] currentPlaybackPosition readyState = 4 but no webMeidaPlayer to provide currentPlaybackPosition
[0116/133014.219:WARNING:dns_config_service_win.cc(661)] Failed to read DnsConfig.
[0116/133014.481:ERROR:child_thread_impl.cc(762)] Request for unknown Channel-associated interface: ui::mojom::GpuMain
[0116/133132.616:ERROR:child_thread_impl.cc(762)] Request for unknown Channel-associated interface: ui::mojom::GpuMain
[0116/133640.973:ERROR:child_thread_impl.cc(762)] Request for unknown Channel-associated interface: ui::mojom::GpuMain
[0116/133804.513:WARNING:htmlmediaelement.cpp(1949)] currentPlaybackPosition readyState = 4 but no webMeidaPlayer to provide currentPlaybackPosition
[0116/134038.199:ERROR:child_thread_impl.cc(762)] Request for unknown Channel-associated interface: ui::mojom::GpuMain
[0116/134216.692:WARNING:dns_config_service_win.cc(661)] Failed to read DnsConfig.
[0116/134221.693:WARNING:dns_config_service_win.cc(661)] Failed to read DnsConfig.
[0116/172911.989:ERROR:child_thread_impl.cc(762)] Request for unknown Channel-associated interface: ui::mojom::GpuMain
[0116/172942.182:ERROR:child_thread_impl.cc(762)] Request for unknown Channel-associated interface: ui::mojom::GpuMain
[0116/172954.478:ERROR:render_process_host_impl.cc(2077)] Request for unknown Channel-associated interface: device::mojom::ScreenOrientationListener
[0116/172958.043:WARNING:quota_manager.cc(1833)] Create directory failed for path
[0116/172958.047:WARNING:quota_manager.cc(1833)] Create directory failed for path
[0116/173019.444:ERROR:child_thread_impl.cc(762)] Request for unknown Channel-associated interface: ui::mojom::GpuMain
[0116/190651.414:ERROR:child_thread_impl.cc(762)] Request for unknown Channel-associated interface: ui::mojom::GpuMain
[0116/190720.720:ERROR:child_thread_impl.cc(762)] Request for unknown Channel-associated interface: ui::mojom::GpuMain
[0116/190831.134:ERROR:child_thread_impl.cc(762)] Request for unknown Channel-associated interface: ui::mojom::GpuMain
[0116/190921.090:WARNING:htmlmediaelement.cpp(1949)] currentPlaybackPosition readyState = 4 but no webMeidaPlayer to provide currentPlaybackPosition
[0116/191146.870:ERROR:child_thread_impl.cc(762)] Request for unknown Channel-associated interface: ui::mojom::GpuMain
[0116/191214.164:ERROR:child_thread_impl.cc(762)] Request for unknown Channel-associated interface: ui::mojom::GpuMain
[0116/191227.996:ERROR:child_thread_impl.cc(762)] Request for unknown Channel-associated interface: ui::mojom::GpuMain
[0116/191304.878:WARNING:htmlmediaelement.cpp(1949)] currentPlaybackPosition readyState = 4 but no webMeidaPlayer to provide currentPlaybackPosition
[0116/191330.145:ERROR:child_thread_impl.cc(762)] Request for unknown Channel-associated interface: ui::mojom::GpuMain
[0116/191527.783:ERROR:child_thread_impl.cc(762)] Request for unknown Channel-associated interface: ui::mojom::GpuMain
[0116/191719.635:ERROR:child_thread_impl.cc(762)] Request for unknown Channel-associated interface: ui::mojom::GpuMain
[0116/191752.787:WARNING:htmlmediaelement.cpp(1949)] currentPlaybackPosition readyState = 4 but no webMeidaPlayer to provide currentPlaybackPosition
[0116/192841.007:ERROR:child_thread_impl.cc(762)] Request for unknown Channel-associated interface: ui::mojom::GpuMain
[0116/192907.510:WARNING:htmlmediaelement.cpp(1949)] currentPlaybackPosition readyState = 4 but no webMeidaPlayer to provide currentPlaybackPosition
[0116/193552.013:ERROR:child_thread_impl.cc(762)] Request for unknown Channel-associated interface: ui::mojom::GpuMain
[0116/193608.619:WARNING:htmlmediaelement.cpp(1949)] currentPlaybackPosition readyState = 4 but no webMeidaPlayer to provide currentPlaybackPosition
[0116/194113.462:ERROR:child_thread_impl.cc(762)] Request for unknown Channel-associated interface: ui::mojom::GpuMain
[0116/194145.704:WARNING:htmlmediaelement.cpp(1949)] currentPlaybackPosition readyState = 4 but no webMeidaPlayer to provide currentPlaybackPosition
[0116/194211.561:ERROR:child_thread_impl.cc(762)] Request for unknown Channel-associated interface: ui::mojom::GpuMain
[0116/202844.793:ERROR:child_thread_impl.cc(762)] Request for unknown Channel-associated interface: ui::mojom::GpuMain
[0116/202929.622:WARNING:htmlmediaelement.cpp(1949)] currentPlaybackPosition readyState = 4 but no webMeidaPlayer to provide currentPlaybackPosition
[0116/204142.291:ERROR:child_thread_impl.cc(762)] Request for unknown Channel-associated interface: ui::mojom::GpuMain
[0116/204207.321:WARNING:htmlmediaelement.cpp(1949)] currentPlaybackPosition readyState = 4 but no webMeidaPlayer to provide currentPlaybackPosition
[0116/204210.667:ERROR:child_thread_impl.cc(762)] Request for unknown Channel-associated interface: ui::mojom::GpuMain
[0116/204233.262:WARNING:htmlmediaelement.cpp(1949)] currentPlaybackPosition readyState = 4 but no webMeidaPlayer to provide currentPlaybackPosition
[0116/204237.647:ERROR:child_thread_impl.cc(762)] Request for unknown Channel-associated interface: ui::mojom::GpuMain
[0116/204305.488:WARNING:htmlmediaelement.cpp(1949)] currentPlaybackPosition readyState = 4 but no webMeidaPlayer to provide currentPlaybackPosition
[0116/204334.626:ERROR:child_thread_impl.cc(762)] Request for unknown Channel-associated interface: ui::mojom::GpuMain
[0116/204343.014:WARNING:htmlmediaelement.cpp(1949)] currentPlaybackPosition readyState = 4 but no webMeidaPlayer to provide currentPlaybackPosition
[0116/205526.848:ERROR:child_thread_impl.cc(762)] Request for unknown Channel-associated interface: ui::mojom::GpuMain
[0116/210709.506:ERROR:child_thread_impl.cc(762)] Request for unknown Channel-associated interface: ui::mojom::GpuMain
[0116/210723.450:WARNING:htmlmediaelement.cpp(1949)] currentPlaybackPosition readyState = 4 but no webMeidaPlayer to provide currentPlaybackPosition
[0116/210821.820:ERROR:child_thread_impl.cc(762)] Request for unknown Channel-associated interface: ui::mojom::GpuMain
[0116/210850.452:WARNING:htmlmediaelement.cpp(1949)] currentPlaybackPosition readyState = 4 but no webMeidaPlayer to provide currentPlaybackPosition
[0116/211024.881:ERROR:child_thread_impl.cc(762)] Request for unknown Channel-associated interface: ui::mojom::GpuMain
[0116/211101.385:WARNING:htmlmediaelement.cpp(1949)] currentPlaybackPosition readyState = 4 but no webMeidaPlayer to provide currentPlaybackPosition
[0116/211157.280:ERROR:child_thread_impl.cc(762)] Request for unknown Channel-associated interface: ui::mojom::GpuMain
[0116/211742.812:ERROR:child_thread_impl.cc(762)] Request for unknown Channel-associated interface: ui::mojom::GpuMain
[0116/211807.346:WARNING:htmlmediaelement.cpp(1949)] currentPlaybackPosition readyState = 4 but no webMeidaPlayer to provide currentPlaybackPosition
[0116/212008.860:ERROR:child_thread_impl.cc(762)] Request for unknown Channel-associated interface: ui::mojom::GpuMain
[0116/212026.758:WARNING:htmlmediaelement.cpp(1949)] currentPlaybackPosition readyState = 4 but no webMeidaPlayer to provide currentPlaybackPosition
[0116/212043.271:ERROR:child_thread_impl.cc(762)] Request for unknown Channel-associated interface: ui::mojom::GpuMain
[0116/212056.359:WARNING:htmlmediaelement.cpp(1949)] currentPlaybackPosition readyState = 4 but no webMeidaPlayer to provide currentPlaybackPosition
[0116/212535.110:ERROR:child_thread_impl.cc(762)] Request for unknown Channel-associated interface: ui::mojom::GpuMain
[0116/212545.152:WARNING:htmlmediaelement.cpp(1949)] currentPlaybackPosition readyState = 4 but no webMeidaPlayer to provide currentPlaybackPosition
[0116/213012.440:ERROR:child_thread_impl.cc(762)] Request for unknown Channel-associated interface: ui::mojom::GpuMain
[0116/213019.591:WARNING:htmlmediaelement.cpp(1949)] currentPlaybackPosition readyState = 4 but no webMeidaPlayer to provide currentPlaybackPosition
[0116/213511.427:ERROR:child_thread_impl.cc(762)] Request for unknown Channel-associated interface: ui::mojom::GpuMain
[0116/213533.038:ERROR:child_thread_impl.cc(762)] Request for unknown Channel-associated interface: ui::mojom::GpuMain
[0116/213540.476:WARNING:htmlmediaelement.cpp(1949)] currentPlaybackPosition readyState = 4 but no webMeidaPlayer to provide currentPlaybackPosition
[0116/213551.788:ERROR:child_thread_impl.cc(762)] Request for unknown Channel-associated interface: ui::mojom::GpuMain
[0116/213558.149:WARNING:htmlmediaelement.cpp(1949)] currentPlaybackPosition readyState = 4 but no webMeidaPlayer to provide currentPlaybackPosition
[0116/213609.901:ERROR:child_thread_impl.cc(762)] Request for unknown Channel-associated interface: ui::mojom::GpuMain
[0116/213657.893:ERROR:child_thread_impl.cc(762)] Request for unknown Channel-associated interface: ui::mojom::GpuMain
[0116/213726.717:WARNING:htmlmediaelement.cpp(1949)] currentPlaybackPosition readyState = 4 but no webMeidaPlayer to provide currentPlaybackPosition
[0116/213830.284:ERROR:child_thread_impl.cc(762)] Request for unknown Channel-associated interface: ui::mojom::GpuMain
[0116/213840.116:ERROR:child_thread_impl.cc(762)] Request for unknown Channel-associated interface: ui::mojom::GpuMain
[0116/214952.614:ERROR:child_thread_impl.cc(762)] Request for unknown Channel-associated interface: ui::mojom::GpuMain
[0116/215001.988:ERROR:child_thread_impl.cc(762)] Request for unknown Channel-associated interface: ui::mojom::GpuMain
[0116/215011.236:WARNING:htmlmediaelement.cpp(1949)] currentPlaybackPosition readyState = 4 but no webMeidaPlayer to provide currentPlaybackPosition
[0116/215021.420:ERROR:child_thread_impl.cc(762)] Request for unknown Channel-associated interface: ui::mojom::GpuMain
[0116/215030.475:ERROR:child_thread_impl.cc(762)] Request for unknown Channel-associated interface: ui::mojom::GpuMain
[0116/215036.688:WARNING:htmlmediaelement.cpp(1949)] currentPlaybackPosition readyState = 4 but no webMeidaPlayer to provide currentPlaybackPosition
[0116/215042.364:WARNING:htmlmediaelement.cpp(1949)] currentPlaybackPosition readyState = 4 but no webMeidaPlayer to provide currentPlaybackPosition
[0116/223113.446:ERROR:child_thread_impl.cc(762)] Request for unknown Channel-associated interface: ui::mojom::GpuMain
[0116/223233.304:ERROR:child_thread_impl.cc(762)] Request for unknown Channel-associated interface: ui::mojom::GpuMain
[0116/223405.696:ERROR:child_thread_impl.cc(762)] Request for unknown Channel-associated interface: ui::mojom::GpuMain
[0116/223535.186:ERROR:child_thread_impl.cc(762)] Request for unknown Channel-associated interface: ui::mojom::GpuMain
[0116/223549.365:ERROR:child_thread_impl.cc(762)] Request for unknown Channel-associated interface: ui::mojom::GpuMain
[0116/223708.193:ERROR:child_thread_impl.cc(762)] Request for unknown Channel-associated interface: ui::mojom::GpuMain
[0116/223953.404:ERROR:child_thread_impl.cc(762)] Request for unknown Channel-associated interface: ui::mojom::GpuMain
[0116/224100.691:ERROR:child_thread_impl.cc(762)] Request for unknown Channel-associated interface: ui::mojom::GpuMain
[0116/224118.495:ERROR:child_thread_impl.cc(762)] Request for unknown Channel-associated interface: ui::mojom::GpuMain
[0116/224408.931:ERROR:child_thread_impl.cc(762)] Request for unknown Channel-associated interface: ui::mojom::GpuMain
[0116/224651.948:ERROR:child_thread_impl.cc(762)] Request for unknown Channel-associated interface: ui::mojom::GpuMain
[0116/224736.194:ERROR:child_thread_impl.cc(762)] Request for unknown Channel-associated interface: ui::mojom::GpuMain
[0116/224804.817:ERROR:child_thread_impl.cc(762)] Request for unknown Channel-associated interface: ui::mojom::GpuMain
[0116/224832.006:ERROR:child_thread_impl.cc(762)] Request for unknown Channel-associated interface: ui::mojom::GpuMain
[0116/225003.241:ERROR:child_thread_impl.cc(762)] Request for unknown Channel-associated interface: ui::mojom::GpuMain
[0116/225212.315:ERROR:child_thread_impl.cc(762)] Request for unknown Channel-associated interface: ui::mojom::GpuMain
[0116/225237.666:ERROR:child_thread_impl.cc(762)] Request for unknown Channel-associated interface: ui::mojom::GpuMain
[0116/225314.047:ERROR:child_thread_impl.cc(762)] Request for unknown Channel-associated interface: ui::mojom::GpuMain
[0116/225336.536:ERROR:child_thread_impl.cc(762)] Request for unknown Channel-associated interface: ui::mojom::GpuMain
[0116/225356.037:ERROR:child_thread_impl.cc(762)] Request for unknown Channel-associated interface: ui::mojom::GpuMain
[0116/225410.183:ERROR:child_thread_impl.cc(762)] Request for unknown Channel-associated interface: ui::mojom::GpuMain
[0116/225426.676:ERROR:child_thread_impl.cc(762)] Request for unknown Channel-associated interface: ui::mojom::GpuMain
[0116/230141.296:ERROR:child_thread_impl.cc(762)] Request for unknown Channel-associated interface: ui::mojom::GpuMain
[0116/230620.980:ERROR:child_thread_impl.cc(762)] Request for unknown Channel-associated interface: ui::mojom::GpuMain
[0116/230717.223:ERROR:child_thread_impl.cc(762)] Request for unknown Channel-associated interface: ui::mojom::GpuMain
[0116/230741.033:ERROR:child_thread_impl.cc(762)] Request for unknown Channel-associated interface: ui::mojom::GpuMain
[0116/230819.696:ERROR:child_thread_impl.cc(762)] Request for unknown Channel-associated interface: ui::mojom::GpuMain
[0116/231113.458:ERROR:child_thread_impl.cc(762)] Request for unknown Channel-associated interface: ui::mojom::GpuMain
[0116/231439.325:ERROR:child_thread_impl.cc(762)] Request for unknown Channel-associated interface: ui::mojom::GpuMain
[0116/231515.043:ERROR:child_thread_impl.cc(762)] Request for unknown Channel-associated interface: ui::mojom::GpuMain
[0116/231523.570:ERROR:child_thread_impl.cc(762)] Request for unknown Channel-associated interface: ui::mojom::GpuMain
[0116/231839.393:ERROR:child_thread_impl.cc(762)] Request for unknown Channel-associated interface: ui::mojom::GpuMain
[0116/231842.612:WARNING:spdy_session.cc(2276)] Received HEADERS for invalid stream 1
[0116/232053.627:ERROR:child_thread_impl.cc(762)] Request for unknown Channel-associated interface: ui::mojom::GpuMain
[0116/232406.188:ERROR:child_thread_impl.cc(762)] Request for unknown Channel-associated interface: ui::mojom::GpuMain
[0116/232518.291:ERROR:child_thread_impl.cc(762)] Request for unknown Channel-associated interface: ui::mojom::GpuMain
[0116/233240.193:ERROR:child_thread_impl.cc(762)] Request for unknown Channel-associated interface: ui::mojom::GpuMain
[0116/233325.217:ERROR:child_thread_impl.cc(762)] Request for unknown Channel-associated interface: ui::mojom::GpuMain
[0116/233336.295:WARNING:spdy_session.cc(2276)] Received HEADERS for invalid stream 1
[0116/233602.582:ERROR:child_thread_impl.cc(762)] Request for unknown Channel-associated interface: ui::mojom::GpuMain
[0116/233635.161:ERROR:child_thread_impl.cc(762)] Request for unknown Channel-associated interface: ui::mojom::GpuMain
[0117/141703.277:ERROR:child_thread_impl.cc(762)] Request for unknown Channel-associated interface: ui::mojom::GpuMain
[0117/141859.087:WARNING:htmlmediaelement.cpp(1949)] currentPlaybackPosition readyState = 4 but no webMeidaPlayer to provide currentPlaybackPosition
[0117/142605.687:ERROR:child_thread_impl.cc(762)] Request for unknown Channel-associated interface: ui::mojom::GpuMain
[0117/142641.812:ERROR:child_thread_impl.cc(762)] Request for unknown Channel-associated interface: ui::mojom::GpuMain
[0117/142901.206:ERROR:child_thread_impl.cc(762)] Request for unknown Channel-associated interface: ui::mojom::GpuMain
[0117/143100.283:ERROR:child_thread_impl.cc(762)] Request for unknown Channel-associated interface: ui::mojom::GpuMain
[0120/162546.225:ERROR:child_thread_impl.cc(762)] Request for unknown Channel-associated interface: ui::mojom::GpuMain
[0120/162711.870:ERROR:child_thread_impl.cc(762)] Request for unknown Channel-associated interface: ui::mojom::GpuMain
[0120/162900.896:ERROR:child_thread_impl.cc(762)] Request for unknown Channel-associated interface: ui::mojom::GpuMain
[0120/162933.529:ERROR:child_thread_impl.cc(762)] Request for unknown Channel-associated interface: ui::mojom::GpuMain
[0120/163048.712:ERROR:child_thread_impl.cc(762)] Request for unknown Channel-associated interface: ui::mojom::GpuMain
[0120/165023.062:ERROR:child_thread_impl.cc(762)] Request for unknown Channel-associated interface: ui::mojom::GpuMain
[0120/165129.917:ERROR:child_thread_impl.cc(762)] Request for unknown Channel-associated interface: ui::mojom::GpuMain
[0120/165340.195:ERROR:child_thread_impl.cc(762)] Request for unknown Channel-associated interface: ui::mojom::GpuMain
[0120/165346.872:ERROR:child_thread_impl.cc(762)] Request for unknown Channel-associated interface: ui::mojom::GpuMain
[0120/165406.879:ERROR:child_thread_impl.cc(762)] Request for unknown Channel-associated interface: ui::mojom::GpuMain
[0120/165623.096:ERROR:child_thread_impl.cc(762)] Request for unknown Channel-associated interface: ui::mojom::GpuMain
[0120/165649.470:ERROR:child_thread_impl.cc(762)] Request for unknown Channel-associated interface: ui::mojom::GpuMain
[0120/165710.057:ERROR:child_thread_impl.cc(762)] Request for unknown Channel-associated interface: ui::mojom::GpuMain
[0120/165743.446:ERROR:child_thread_impl.cc(762)] Request for unknown Channel-associated interface: ui::mojom::GpuMain
[0120/165921.579:ERROR:child_thread_impl.cc(762)] Request for unknown Channel-associated interface: ui::mojom::GpuMain
[0121/141036.392:ERROR:child_thread_impl.cc(762)] Request for unknown Channel-associated interface: ui::mojom::GpuMain
[0121/141231.418:ERROR:child_thread_impl.cc(762)] Request for unknown Channel-associated interface: ui::mojom::GpuMain
[0121/141459.687:WARNING:htmlmediaelement.cpp(1949)] currentPlaybackPosition readyState = 4 but no webMeidaPlayer to provide currentPlaybackPosition
[0121/141506.194:WARNING:spdy_session.cc(2276)] Received HEADERS for invalid stream 45
[0121/141730.044:ERROR:child_thread_impl.cc(762)] Request for unknown Channel-associated interface: ui::mojom::GpuMain
[0121/141819.782:ERROR:child_thread_impl.cc(762)] Request for unknown Channel-associated interface: ui::mojom::GpuMain
[0121/141834.851:WARNING:htmlmediaelement.cpp(1949)] currentPlaybackPosition readyState = 4 but no webMeidaPlayer to provide currentPlaybackPosition
[0121/141834.904:WARNING:audio_sync_reader.cc(188)] AudioSyncReader::Read timed out, audio glitch count=1
[0121/142045.425:ERROR:child_thread_impl.cc(762)] Request for unknown Channel-associated interface: ui::mojom::GpuMain
[0121/142101.284:WARNING:audio_sync_reader.cc(188)] AudioSyncReader::Read timed out, audio glitch count=1
[0121/142439.331:ERROR:child_thread_impl.cc(762)] Request for unknown Channel-associated interface: ui::mojom::GpuMain
[0121/142557.044:ERROR:child_thread_impl.cc(762)] Request for unknown Channel-associated interface: ui::mojom::GpuMain
[0121/143326.423:ERROR:child_thread_impl.cc(762)] Request for unknown Channel-associated interface: ui::mojom::GpuMain
[0121/143404.374:ERROR:child_thread_impl.cc(762)] Request for unknown Channel-associated interface: ui::mojom::GpuMain
[0121/144046.221:ERROR:child_thread_impl.cc(762)] Request for unknown Channel-associated interface: ui::mojom::GpuMain
[0121/144420.356:ERROR:child_thread_impl.cc(762)] Request for unknown Channel-associated interface: ui::mojom::GpuMain
[0121/144647.275:ERROR:child_thread_impl.cc(762)] Request for unknown Channel-associated interface: ui::mojom::GpuMain
[0121/144704.659:WARNING:htmlmediaelement.cpp(1949)] currentPlaybackPosition readyState = 4 but no webMeidaPlayer to provide currentPlaybackPosition
[0121/144802.100:WARNING:htmlmediaelement.cpp(1949)] currentPlaybackPosition readyState = 4 but no webMeidaPlayer to provide currentPlaybackPosition
[0121/144812.606:ERROR:child_thread_impl.cc(762)] Request for unknown Channel-associated interface: ui::mojom::GpuMain
[0121/200258.725:ERROR:child_thread_impl.cc(762)] Request for unknown Channel-associated interface: ui::mojom::GpuMain
[0121/200414.942:ERROR:child_thread_impl.cc(762)] Request for unknown Channel-associated interface: ui::mojom::GpuMain
[0121/200509.697:ERROR:child_thread_impl.cc(762)] Request for unknown Channel-associated interface: ui::mojom::GpuMain
[0121/200840.935:ERROR:child_thread_impl.cc(762)] Request for unknown Channel-associated interface: ui::mojom::GpuMain
[0121/200850.663:ERROR:child_thread_impl.cc(762)] Request for unknown Channel-associated interface: ui::mojom::GpuMain
[0121/201114.179:ERROR:child_thread_impl.cc(762)] Request for unknown Channel-associated interface: ui::mojom::GpuMain
[0121/201544.938:ERROR:child_thread_impl.cc(762)] Request for unknown Channel-associated interface: ui::mojom::GpuMain
[0121/201710.936:ERROR:child_thread_impl.cc(762)] Request for unknown Channel-associated interface: ui::mojom::GpuMain
[0121/201747.807:WARNING:htmlmediaelement.cpp(1949)] currentPlaybackPosition readyState = 4 but no webMeidaPlayer to provide currentPlaybackPosition
[0121/202107.821:ERROR:child_thread_impl.cc(762)] Request for unknown Channel-associated interface: ui::mojom::GpuMain
[0121/202637.392:ERROR:child_thread_impl.cc(762)] Request for unknown Channel-associated interface: ui::mojom::GpuMain
[0121/202712.258:ERROR:child_thread_impl.cc(762)] Request for unknown Channel-associated interface: ui::mojom::GpuMain
